<?xml version="1.0" encoding="UTF-8"?>
<testng-results ignored="0" total="3" passed="3" failed="0" skipped="0">
  <reporter-output>
  </reporter-output>
  <suite started-at="2024-08-20T21:45:33 IST" name="OrangeHR" finished-at="2024-08-20T21:45:53 IST" duration-ms="19400">
    <groups>
    </groups>
    <test started-at="2024-08-20T21:45:33 IST" name="Login Test Case" finished-at="2024-08-20T21:45:35 IST" duration-ms="1776">
      <class name="TestCases.Login">
        <test-method signature="login()[pri:0, instance:TestCases.Login@1bb5a082]" started-at="2024-08-20T21:45:33 IST" name="login" finished-at="2024-08-20T21:45:35 IST" duration-ms="1750" status="PASS">
          <reporter-output>
          </reporter-output>
        </test-method> <!-- login -->
      </class> <!-- TestCases.Login -->
    </test> <!-- Login Test Case -->
    <test started-at="2024-08-20T21:45:35 IST" name="Get Leave Test Case" finished-at="2024-08-20T21:45:37 IST" duration-ms="1419">
      <class name="TestCases.DashBoard">
        <test-method signature="getLeaveDetails()[pri:0, instance:TestCases.DashBoard@682b2fa]" started-at="2024-08-20T21:45:35 IST" name="getLeaveDetails" finished-at="2024-08-20T21:45:37 IST" duration-ms="1417" status="PASS">
          <reporter-output>
          </reporter-output>
        </test-method> <!-- getLeaveDetails -->
      </class> <!-- TestCases.DashBoard -->
    </test> <!-- Get Leave Test Case -->
    <test started-at="2024-08-20T21:45:37 IST" name="Admin verify Test Case" finished-at="2024-08-20T21:45:53 IST" duration-ms="16167">
      <class name="TestCases.AdminVerfify">
        <test-method is-config="true" signature="launchBrowser()[pri:0, instance:TestCases.AdminVerfify@662ac478]" started-at="2024-08-20T21:45:25 IST" name="launchBrowser" finished-at="2024-08-20T21:45:33 IST" duration-ms="7962" status="PASS">
          <reporter-output>
          </reporter-output>
        </test-method> <!-- launchBrowser -->
        <test-method signature="userVerification()[pri:0, instance:TestCases.AdminVerfify@662ac478]" started-at="2024-08-20T21:45:37 IST" name="userVerification" finished-at="2024-08-20T21:45:53 IST" duration-ms="16165" status="PASS">
          <reporter-output>
          </reporter-output>
        </test-method> <!-- userVerification -->
        <test-method is-config="true" signature="closeBrowser()[pri:0, instance:TestCases.AdminVerfify@662ac478]" started-at="2024-08-20T21:45:53 IST" name="closeBrowser" finished-at="2024-08-20T21:45:53 IST" duration-ms="0" status="PASS">
          <reporter-output>
          </reporter-output>
        </test-method> <!-- closeBrowser -->
      </class> <!-- TestCases.AdminVerfify -->
    </test> <!-- Admin verify Test Case -->
  </suite> <!-- OrangeHR -->
</testng-results>
